    ---------------------crash start--------------------------
    java.lang.RuntimeException: Unable to start activity ComponentInfo{com.intretech.smart/com.intretech.activity.ScanQrCodeActivity}: android.view.InflateException: Binary XML file line #9: Binary XML file line #9: Error inflating class me.devilsen.czxing.view.ScanView
        at android.app.ActivityThread.performLaunchActivity(ActivityThread.java:2985)
        at android.app.ActivityThread.handleLaunchActivity(ActivityThread.java:3120)
        at android.app.servertransaction.LaunchActivityItem.execute(LaunchActivityItem.java:78)
        at android.app.servertransaction.TransactionExecutor.executeCallbacks(TransactionExecutor.java:108)
        at android.app.servertransaction.TransactionExecutor.execute(TransactionExecutor.java:68)
        at android.app.ActivityThread$H.handleMessage(ActivityThread.java:1840)
        at android.os.Handler.dispatchMessage(Handler.java:106)
        at android.os.Looper.loop(Looper.java:207)
        at android.app.ActivityThread.main(ActivityThread.java:6878)
        at java.lang.reflect.Method.invoke(Native Method)
        at com.android.internal.os.RuntimeInit$MethodAndArgsCaller.run(RuntimeInit.java:547)
        at com.android.internal.os.ZygoteInit.main(ZygoteInit.java:876)
     Caused by: android.view.InflateException: Binary XML file line #9: Binary XML file line #9: Error inflating class me.devilsen.czxing.view.ScanView
     Caused by: android.view.InflateException: Binary XML file line #9: Error inflating class me.devilsen.czxing.view.ScanView
     Caused by: java.lang.reflect.InvocationTargetException
        at java.lang.reflect.Constructor.newInstance0(Native Method)
        at java.lang.reflect.Constructor.newInstance(Constructor.java:343)
        at android.view.LayoutInflater.createView(LayoutInflater.java:651)
        at android.view.LayoutInflater.createViewFromTag(LayoutInflater.java:794)
        at android.view.LayoutInflater.createViewFromTag(LayoutInflater.java:734)
        at android.view.LayoutInflater.rInflate(LayoutInflater.java:867)
        at android.view.LayoutInflater.rInflateChildren(LayoutInflater.java:828)
        at android.view.LayoutInflater.rInflate(LayoutInflater.java:870)
        at android.view.LayoutInflater.rInflateChildren(LayoutInflater.java:828)
        at android.view.LayoutInflater.inflate(LayoutInflater.java:519)
        at android.view.LayoutInflater.inflate(LayoutInflater.java:427)
        at android.view.LayoutInflater.inflate(LayoutInflater.java:374)
        at com.android.internal.policy.PhoneWindow.setContentView(PhoneWindow.java:420)
        at android.app.Activity.setContentView(Activity.java:2836)
        at com.qrcode.QrCodeMainActivity.onCreateImp(QrCodeMainActivity.java:72)
        at com.intretech.activity.ScanQrCodeActivity.onCreateImp(ScanQrCodeActivity.java:132)
        at com.intretech.base.BaseActivity.onCreate(BaseActivity.java:86)
        at android.app.Activity.performCreate(Activity.java:7232)
        at android.app.Activity.performCreate(Activity.java:7221)
        at android.app.Instrumentation.callActivityOnCreate(Instrumentation.java:1272)
        at android.app.ActivityThread.performLaunchActivity(ActivityThread.java:2965)
        at android.app.ActivityThread.handleLaunchActivity(ActivityThread.java:3120)
        at android.app.servertransaction.LaunchActivityItem.execute(LaunchActivityItem.java:78)
        at android.app.servertransaction.TransactionExecutor.executeCallbacks(TransactionExecutor.java:108)
        at android.app.servertransaction.TransactionExecutor.execute(TransactionExecutor.java:68)
        at android.app.ActivityThread$H.handleMessage(ActivityThread.java:1840)
        at android.os.Handler.dispatchMessage(Handler.java:106)
        at android.os.Looper.loop(Looper.java:207)
        at android.app.ActivityThread.main(ActivityThread.java:6878)
        at java.lang.reflect.Method.invoke(Native Method)
        at com.android.internal.os.RuntimeInit$MethodAndArgsCaller.run(RuntimeInit.java:547)
        at com.android.internal.os.ZygoteInit.main(ZygoteInit.java:876)
     Caused by: java.lang.UnsatisfiedLinkError: dlopen failed: couldn't reserve 4415488 bytes of address space for "/data/app/com.intretech.smart-OMM-Vg9REohipvmwfzueAA==/lib/arm/libczxing.so"
    	at 